# JRE version: OpenJDK Runtime Environment Temurin-11.0.16.1+1 (11.0.16.1+1) (build 11.0.16.1+1)
# Java VM: OpenJDK 64-Bit Server VM Temurin-11.0.16.1+1 (11.0.16.1+1, mixed mode, tiered, compressed oops, g1 gc, windows-amd64)
Heap:
 garbage-first heap   total 129024K, used 56035K [0x0000000080000000, 0x0000000100000000)
  region size 1024K, 17 young (17408K), 4 survivors (4096K)
 Metaspace       used 62856K, capacity 64671K, committed 64852K, reserved 573440K
  class space    used 8172K, capacity 8942K, committed 9036K, reserved 516096K
GC Heap History (20 events):
Event: 4.293 GC heap before
{Heap before GC invocations=3 (full 0):
 garbage-first heap   total 129024K, used 40072K [0x0000000080000000, 0x0000000100000000)
  region size 1024K, 30 young (30720K), 6 survivors (6144K)
 Metaspace       used 20738K, capacity 21143K, committed 21296K, reserved 536576K
  class space    used 2482K, capacity 2628K, committed 2688K, reserved 516096K
}
Event: 4.298 GC heap after
{Heap after GC invocations=4 (full 0):
 garbage-first heap   total 129024K, used 17996K [0x0000000080000000, 0x0000000100000000)
  region size 1024K, 2 young (2048K), 2 survivors (2048K)
 Metaspace       used 20738K, capacity 21143K, committed 21296K, reserved 536576K
  class space    used 2482K, capacity 2628K, committed 2688K, reserved 516096K
}
Event: 4.687 GC heap before
{Heap before GC invocations=5 (full 0):
 garbage-first heap   total 129024K, used 67148K [0x0000000080000000, 0x0000000100000000)
  region size 1024K, 50 young (51200K), 2 survivors (2048K)
 Metaspace       used 25831K, capacity 26351K, committed 26544K, reserved 540672K
  class space    used 3312K, capacity 3518K, committed 3584K, reserved 516096K
}
Event: 4.689 GC heap after
{Heap after GC invocations=6 (full 0):
 garbage-first heap   total 129024K, used 19674K [0x0000000080000000, 0x0000000100000000)
  region size 1024K, 3 young (3072K), 3 survivors (3072K)
 Metaspace       used 25831K, capacity 26351K, committed 26544K, reserved 540672K
  class space    used 3312K, capacity 3518K, committed 3584K, reserved 516096K
}
Event: 5.248 GC heap before
{Heap before GC invocations=6 (full 0):
 garbage-first heap   total 129024K, used 84186K [0x0000000080000000, 0x0000000100000000)
  region size 1024K, 66 young (67584K), 3 survivors (3072K)
 Metaspace       used 32463K, capacity 33197K, committed 33456K, reserved 546816K
  class space    used 4280K, capacity 4593K, committed 4608K, reserved 516096K
}
Event: 5.252 GC heap after
{Heap after GC invocations=7 (full 0):
 garbage-first heap   total 129024K, used 22320K [0x0000000080000000, 0x0000000100000000)
  region size 1024K, 6 young (6144K), 6 survivors (6144K)
 Metaspace       used 32463K, capacity 33197K, committed 33456K, reserved 546816K
  class space    used 4280K, capacity 4593K, committed 4608K, reserved 516096K
}
Event: 5.341 GC heap before
{Heap before GC invocations=7 (full 0):
 garbage-first heap   total 129024K, used 26416K [0x0000000080000000, 0x0000000100000000)
  region size 1024K, 11 young (11264K), 6 survivors (6144K)
 Metaspace       used 35045K, capacity 35807K, committed 35920K, reserved 548864K
  class space    used 4481K, capacity 4824K, committed 4864K, reserved 516096K
}
Event: 5.347 GC heap after
{Heap after GC invocations=8 (full 0):
 garbage-first heap   total 129024K, used 23165K [0x0000000080000000, 0x0000000100000000)
  region size 1024K, 6 young (6144K), 6 survivors (6144K)
 Metaspace       used 35045K, capacity 35807K, committed 35920K, reserved 548864K
  class space    used 4481K, capacity 4824K, committed 4864K, reserved 516096K
}
Event: 5.835 GC heap before
{Heap before GC invocations=9 (full 0):
 garbage-first heap   total 129024K, used 87677K [0x0000000080000000, 0x0000000100000000)
  region size 1024K, 67 young (68608K), 6 survivors (6144K)
 Metaspace       used 40110K, capacity 41158K, committed 41424K, reserved 552960K
  class space    used 5038K, capacity 5410K, committed 5504K, reserved 516096K
}
Event: 5.841 GC heap after
{Heap after GC invocations=10 (full 0):
 garbage-first heap   total 129024K, used 28265K [0x0000000080000000, 0x0000000100000000)
  region size 1024K, 9 young (9216K), 9 survivors (9216K)
 Metaspace       used 40110K, capacity 41158K, committed 41424K, reserved 552960K
  class space    used 5038K, capacity 5410K, committed 5504K, reserved 516096K
}
Event: 12.023 GC heap before
{Heap before GC invocations=10 (full 0):
 garbage-first heap   total 129024K, used 90729K [0x0000000080000000, 0x0000000100000000)
  region size 1024K, 69 young (70656K), 9 survivors (9216K)
 Metaspace       used 44304K, capacity 45572K, committed 45648K, reserved 557056K
  class space    used 5578K, capacity 6081K, committed 6144K, reserved 516096K
}
Event: 12.032 GC heap after
{Heap after GC invocations=11 (full 0):
 garbage-first heap   total 129024K, used 31443K [0x0000000080000000, 0x0000000100000000)
  region size 1024K, 4 young (4096K), 4 survivors (4096K)
 Metaspace       used 44304K, capacity 45572K, committed 45648K, reserved 557056K
  class space    used 5578K, capacity 6081K, committed 6144K, reserved 516096K
}
Event: 12.716 GC heap before
{Heap before GC invocations=11 (full 0):
 garbage-first heap   total 129024K, used 93907K [0x0000000080000000, 0x0000000100000000)
  region size 1024K, 65 young (66560K), 4 survivors (4096K)
 Metaspace       used 48940K, capacity 50253K, committed 50512K, reserved 561152K
  class space    used 6278K, capacity 6787K, committed 6912K, reserved 516096K
}
Event: 12.721 GC heap after
{Heap after GC invocations=12 (full 0):
 garbage-first heap   total 129024K, used 33138K [0x0000000080000000, 0x0000000100000000)
  region size 1024K, 6 young (6144K), 6 survivors (6144K)
 Metaspace       used 48940K, capacity 50253K, committed 50512K, reserved 561152K
  class space    used 6278K, capacity 6787K, committed 6912K, reserved 516096K
}
Event: 13.975 GC heap before
{Heap before GC invocations=12 (full 0):
 garbage-first heap   total 129024K, used 99698K [0x0000000080000000, 0x0000000100000000)
  region size 1024K, 68 young (69632K), 6 survivors (6144K)
 Metaspace       used 54456K, capacity 55964K, committed 56144K, reserved 565248K
  class space    used 7033K, capacity 7667K, committed 7680K, reserved 516096K
}
Event: 13.980 GC heap after
{Heap after GC invocations=13 (full 0):
 garbage-first heap   total 129024K, used 41880K [0x0000000080000000, 0x0000000100000000)
  region size 1024K, 7 young (7168K), 7 survivors (7168K)
 Metaspace       used 54456K, capacity 55964K, committed 56144K, reserved 565248K
  class space    used 7033K, capacity 7667K, committed 7680K, reserved 516096K
}
Event: 14.551 GC heap before
{Heap before GC invocations=13 (full 0):
 garbage-first heap   total 129024K, used 90008K [0x0000000080000000, 0x0000000100000000)
  region size 1024K, 55 young (56320K), 7 survivors (7168K)
 Metaspace       used 58551K, capacity 60202K, committed 60296K, reserved 569344K
  class space    used 7628K, capacity 8315K, committed 8320K, reserved 516096K
}
Event: 14.561 GC heap after
{Heap after GC invocations=14 (full 0):
 garbage-first heap   total 129024K, used 43869K [0x0000000080000000, 0x0000000100000000)
  region size 1024K, 3 young (3072K), 3 survivors (3072K)
 Metaspace       used 58551K, capacity 60202K, committed 60296K, reserved 569344K
  class space    used 7628K, capacity 8315K, committed 8320K, reserved 516096K
}
Event: 14.910 GC heap before
{Heap before GC invocations=15 (full 0):
 garbage-first heap   total 129024K, used 98141K [0x0000000080000000, 0x0000000100000000)
  region size 1024K, 56 young (57344K), 3 survivors (3072K)
 Metaspace       used 62058K, capacity 63825K, committed 64212K, reserved 573440K
  class space    used 8085K, capacity 8772K, committed 8908K, reserved 516096K
}
Event: 14.913 GC heap after
{Heap after GC invocations=16 (full 0):
 garbage-first heap   total 129024K, used 44771K [0x0000000080000000, 0x0000000100000000)
  region size 1024K, 4 young (4096K), 4 survivors (4096K)
 Metaspace       used 62058K, capacity 63825K, committed 64212K, reserved 573440K
  class space    used 8085K, capacity 8772K, committed 8908K, reserved 516096K
}

